app/build/outputs/logs/manifest-merger-release-report.txt
-- Merging decision tree log ---
manifest
ADDED from src\main\AndroidManifest.xml:3:5-247:12
INJECTED from src\main\AndroidManifest.xml:3:5-247:12
INJECTED from src\main\AndroidManifest.xml:3:5-247:12
INJECTED from src\main\AndroidManifest.xml:3:5-247:12
MERGED from [com.miguelcatalan:materialsearchview:1.4.0] AndroidManifest.xml:2:1-13:12
MERGED from [com.facebook.android:account-kit-sdk:5.0.0] AndroidManifest.xml:21:1-55:12
MERGED from [com.android.support:design:26.1.0] AndroidManifest.xml:17:1-31:12
MERGED from [com.afollestad.material-dialogs:core:0.9.4.5] AndroidManifest.xml:2:1-15:12
MERGED from [me.zhanghai.android.materialprogressbar:library:1.4.1] AndroidManifest.xml:6:1-16:12
MERGED from [com.android.support:appcompat-v7:26.1.0] AndroidManifest.xml:17:1-31:12
MERGED from [com.android.support:recyclerview-v7:26.1.0] AndroidManifest.xml:17:1-28:12
MERGED from [com.android.support.constraint:constraint-layout:1.1.0] AndroidManifest.xml:2:1-11:12
MERGED from [com.android.support:animated-vector-drawable:26.1.0] AndroidManifest.xml:17:1-28:12
MERGED from [com.android.support:support-vector-drawable:26.1.0] AndroidManifest.xml:17:1-28:12
MERGED from [com.google.firebase:firebase-auth:17.0.0] AndroidManifest.xml:17:1-42:12
MERGED from [com.android.support:transition:26.1.0] AndroidManifest.xml:17:1-28:12
MERGED from [com.android.support:support-v13:25.3.1] AndroidManifest.xml:17:1-31:12
MERGED from [com.google.android.gms:play-services-auth:16.0.1] AndroidManifest.xml:17:1-39:12
MERGED from [com.google.android.gms:play-services-flags:16.0.1] AndroidManifest.xml:17:1-22:12
MERGED from [com.google.firebase:firebase-auth-interop:17.0.0] AndroidManifest.xml:2:1-10:12
MERGED from [com.google.android.gms:play-services-auth-api-phone:16.0.0] AndroidManifest.xml:2:1-7:12
MERGED from [com.google.android.gms:play-services-auth-base:16.0.0] AndroidManifest.xml:2:1-7:12
MERGED from [com.google.firebase:firebase-core:16.0.9] AndroidManifest.xml:2:1-9:12
MERGED from [com.google.firebase:firebase-analytics:16.5.0] AndroidManifest.xml:2:1-9:12
MERGED from [com.google.android.gms:play-services-measurement-api:16.5.0] AndroidManifest.xml:17:1-36:12
MERGED from [com.google.firebase:firebase-iid:17.1.2] AndroidManifest.xml:17:1-59:12
MERGED from [com.google.firebase:firebase-iid-interop:16.0.1] AndroidManifest.xml:2:1-10:12
MERGED from [com.google.android.gms:play-services-base:16.0.1] AndroidManifest.xml:17:1-29:12
MERGED from [com.google.firebase:firebase-common:17.0.0] AndroidManifest.xml:2:1-19:12
MERGED from [com.google.android.gms:play-services-tasks:16.0.1] AndroidManifest.xml:2:1-9:12
MERGED from [com.google.android.gms:play-services-measurement:16.5.0] AndroidManifest.xml:17:1-55:12
MERGED from [com.google.android.gms:play-services-measurement-sdk:16.5.0] AndroidManifest.xml:17:1-25:12
MERGED from [com.google.android.gms:play-services-measurement-impl:16.5.0] AndroidManifest.xml:17:1-40:12
MERGED from [com.google.android.gms:play-services-measurement-sdk-api:16.5.0] AndroidManifest.xml:17:1-40:12
MERGED from [com.google.android.gms:play-services-measurement-base:16.5.0] AndroidManifest.xml:2:1-9:12
MERGED from [com.google.android.gms:play-services-stats:16.0.1] AndroidManifest.xml:2:1-9:12
MERGED from [com.google.firebase:firebase-measurement-connector:17.0.1] AndroidManifest.xml:17:1-25:12
MERGED from [com.google.android.gms:play-services-ads-identifier:16.0.0] AndroidManifest.xml:17:1-24:12
MERGED from [com.google.android.gms:play-services-basement:16.2.0] AndroidManifest.xml:17:1-28:12
MERGED from [com.android.support:support-v4:26.1.0] AndroidManifest.xml:17:1-31:12
MERGED from [com.android.support:cardview-v7:26.1.0] AndroidManifest.xml:17:1-28:12
MERGED from [de.hdodenhof:circleimageview:3.0.0] AndroidManifest.xml:2:1-11:12
MERGED from [me.anwarshahriar:calligrapher:1.0] AndroidManifest.xml:2:1-17:12
MERGED from [com.android.support:multidex:1.0.2] AndroidManifest.xml:17:1-22:12
MERGED from [com.android.support:support-fragment:26.1.0] AndroidManifest.xml:17:1-31:12
MERGED from [com.android.support:support-core-ui:26.1.0] AndroidManifest.xml:17:1-31:12
MERGED from [com.android.support:support-media-compat:26.1.0] AndroidManifest.xml:17:1-31:12
MERGED from [com.android.support:support-core-utils:26.1.0] AndroidManifest.xml:17:1-31:12
MERGED from [com.android.support:support-compat:26.1.0] AndroidManifest.xml:17:1-31:12
MERGED from [android.arch.lifecycle:runtime:1.0.0] AndroidManifest.xml:17:1-30:12
INJECTED from src\main\AndroidManifest.xml:3:5-247:12
INJECTED from src\main\AndroidManifest.xml:3:5-247:12
INJECTED from src\main\AndroidManifest.xml:3:5-247:12
	package
		ADDED from src\main\AndroidManifest.xml:3:15-55
		INJECTED from src\main\AndroidManifest.xml
		INJECTED from src\main\AndroidManifest.xml
	android:versionName
		INJECTED from src\main\AndroidManifest.xml
		ADDED from src\main\AndroidManifest.xml:3:5-247:12
		INJECTED from src\main\AndroidManifest.xml
	android:versionCode
		INJECTED from src\main\AndroidManifest.xml
		ADDED from src\main\AndroidManifest.xml:3:5-247:12
		INJECTED from src\main\AndroidManifest.xml
	xmlns:android
		ADDED from src\main\AndroidManifest.xml:3:56-114
uses-feature#android.hardware.camera2
ADDED from src\main\AndroidManifest.xml:5:5-84
	android:required
		ADDED from src\main\AndroidManifest.xml:5:19-42
	android:name
		ADDED from src\main\AndroidManifest.xml:5:43-82
uses-permission#android.permission.WRITE_EXTERNAL_STORAGE
ADDED from src\main\AndroidManifest.xml:7:5-80
	android:name
		ADDED from src\main\AndroidManifest.xml:7:22-78
uses-permission#android.permission.WAKE_LOCK
ADDED from src\main\AndroidManifest.xml:9:5-67
MERGED from [com.google.android.gms:play-services-measurement-api:16.5.0] AndroidManifest.xml:24:5-68
MERGED from [com.google.android.gms:play-services-measurement-api:16.5.0] AndroidManifest.xml:24:5-68
MERGED from [com.google.firebase:firebase-iid:17.1.2] AndroidManifest.xml:24:5-68
MERGED from [com.google.firebase:firebase-iid:17.1.2] AndroidManifest.xml:24:5-68
MERGED from [com.google.android.gms:play-services-measurement:16.5.0] AndroidManifest.xml:25:5-68
MERGED from [com.google.android.gms:play-services-measurement:16.5.0] AndroidManifest.xml:25:5-68
MERGED from [com.google.android.gms:play-services-measurement-impl:16.5.0] AndroidManifest.xml:25:5-68
MERGED from [com.google.android.gms:play-services-measurement-impl:16.5.0] AndroidManifest.xml:25:5-68
MERGED from [com.google.android.gms:play-services-measurement-sdk-api:16.5.0] AndroidManifest.xml:25:5-68
MERGED from [com.google.android.gms:play-services-measurement-sdk-api:16.5.0] AndroidManifest.xml:25:5-68
	android:name
		ADDED from src\main\AndroidManifest.xml:9:22-65
uses-permission#android.permission.VIBRATE
ADDED from src\main\AndroidManifest.xml:11:5-65
	android:name
		ADDED from src\main\AndroidManifest.xml:11:22-63
application
ADDED from src\main\AndroidManifest.xml:14:5-245:15
MERGED from [com.miguelcatalan:materialsearchview:1.4.0] AndroidManifest.xml:11:5-20
MERGED from [com.miguelcatalan:materialsearchview:1.4.0] AndroidManifest.xml:11:5-20
MERGED from [com.facebook.android:account-kit-sdk:5.0.0] AndroidManifest.xml:28:5-53:19
MERGED from [com.facebook.android:account-kit-sdk:5.0.0] AndroidManifest.xml:28:5-53:19
MERGED from [com.android.support:design:26.1.0] AndroidManifest.xml:25:5-29:19
MERGED from [com.android.support:design:26.1.0] AndroidManifest.xml:25:5-29:19
MERGED from [com.afollestad.material-dialogs:core:0.9.4.5] AndroidManifest.xml:13:5-20
MERGED from [com.afollestad.material-dialogs:core:0.9.4.5] AndroidManifest.xml:13:5-20
MERGED from [com.android.support:appcompat-v7:26.1.0] AndroidManifest.xml:25:5-29:19
MERGED from [com.android.support:appcompat-v7:26.1.0] AndroidManifest.xml:25:5-29:19
MERGED from [com.android.support:recyclerview-v7:26.1.0] AndroidManifest.xml:22:5-26:19
MERGED from [com.android.support:recyclerview-v7:26.1.0] AndroidManifest.xml:22:5-26:19
MERGED from [com.android.support.constraint:constraint-layout:1.1.0] AndroidManifest.xml:9:5-20
MERGED from [com.android.support.constraint:constraint-layout:1.1.0] AndroidManifest.xml:9:5-20
MERGED from [com.android.support:animated-vector-drawable:26.1.0] AndroidManifest.xml:22:5-26:19
MERGED from [com.android.support:animated-vector-drawable:26.1.0] AndroidManifest.xml:22:5-26:19
MERGED from [com.android.support:support-vector-drawable:26.1.0] AndroidManifest.xml:22:5-26:19
MERGED from [com.android.support:support-vector-drawable:26.1.0] AndroidManifest.xml:22:5-26:19
MERGED from [com.google.firebase:firebase-auth:17.0.0] AndroidManifest.xml:23:5-40:19
MERGED from [com.google.firebase:firebase-auth:17.0.0] AndroidManifest.xml:23:5-40:19
MERGED from [com.android.support:transition:26.1.0] AndroidManifest.xml:22:5-26:19
MERGED from [com.android.support:transition:26.1.0] AndroidManifest.xml:22:5-26:19
MERGED from [com.android.support:support-v13:25.3.1] AndroidManifest.xml:29:5-20
MERGED from [com.android.support:support-v13:25.3.1] AndroidManifest.xml:29:5-20
MERGED from [com.google.android.gms:play-services-auth:16.0.1] AndroidManifest.xml:22:5-37:19
MERGED from [com.google.android.gms:play-services-auth:16.0.1] AndroidManifest.xml:22:5-37:19
MERGED from [com.google.firebase:firebase-auth-interop:17.0.0] AndroidManifest.xml:7:5-8:19
MERGED from [com.google.firebase:firebase-auth-interop:17.0.0] AndroidManifest.xml:7:5-8:19
MERGED from [com.google.firebase:firebase-core:16.0.9] AndroidManifest.xml:7:5-20
MERGED from [com.google.firebase:firebase-core:16.0.9] AndroidManifest.xml:7:5-20
MERGED from [com.google.firebase:firebase-analytics:16.5.0] AndroidManifest.xml:7:5-20
MERGED from [com.google.firebase:firebase-analytics:16.5.0] AndroidManifest.xml:7:5-20
MERGED from [com.google.android.gms:play-services-measurement-api:16.5.0] AndroidManifest.xml:26:5-34:19
MERGED from [com.google.android.gms:play-services-measurement-api:16.5.0] AndroidManifest.xml:26:5-34:19
MERGED from [com.google.firebase:firebase-iid:17.1.2] AndroidManifest.xml:28:5-57:19
MERGED from [com.google.firebase:firebase-iid:17.1.2] AndroidManifest.xml:28:5-57:19
MERGED from [com.google.firebase:firebase-iid-interop:16.0.1] AndroidManifest.xml:7:5-8:19
MERGED from [com.google.firebase:firebase-iid-interop:16.0.1] AndroidManifest.xml:7:5-8:19
MERGED from [com.google.android.gms:play-services-base:16.0.1] AndroidManifest.xml:22:5-27:19
MERGED from [com.google.android.gms:play-services-base:16.0.1] AndroidManifest.xml:22:5-27:19
MERGED from [com.google.firebase:firebase-common:17.0.0] AndroidManifest.xml:11:5-17:19
MERGED from [com.google.firebase:firebase-common:17.0.0] AndroidManifest.xml:11:5-17:19
MERGED from [com.google.android.gms:play-services-tasks:16.0.1] AndroidManifest.xml:7:5-20
MERGED from [com.google.android.gms:play-services-tasks:16.0.1] AndroidManifest.xml:7:5-20
MERGED from [com.google.android.gms:play-services-measurement:16.5.0] AndroidManifest.xml:28:5-53:19
MERGED from [com.google.android.gms:play-services-measurement:16.5.0] AndroidManifest.xml:28:5-53:19
MERGED from [com.google.android.gms:play-services-measurement-sdk:16.5.0] AndroidManifest.xml:22:5-23:19
MERGED from [com.google.android.gms:play-services-measurement-sdk:16.5.0] AndroidManifest.xml:22:5-23:19
MERGED from [com.google.android.gms:play-services-measurement-impl:16.5.0] AndroidManifest.xml:28:5-38:19
MERGED from [com.google.android.gms:play-services-measurement-impl:16.5.0] AndroidManifest.xml:28:5-38:19
MERGED from [com.google.android.gms:play-services-measurement-sdk-api:16.5.0] AndroidManifest.xml:28:5-38:19
MERGED from [com.google.android.gms:play-services-measurement-sdk-api:16.5.0] AndroidManifest.xml:28:5-38:19
MERGED from [com.google.android.gms:play-services-measurement-base:16.5.0] AndroidManifest.xml:7:5-20
MERGED from [com.google.android.gms:play-services-measurement-base:16.5.0] AndroidManifest.xml:7:5-20
MERGED from [com.google.android.gms:play-services-stats:16.0.1] AndroidManifest.xml:7:5-20
MERGED from [com.google.android.gms:play-services-stats:16.0.1] AndroidManifest.xml:7:5-20
MERGED from [com.google.firebase:firebase-measurement-connector:17.0.1] AndroidManifest.xml:22:5-23:19
MERGED from [com.google.firebase:firebase-measurement-connector:17.0.1] AndroidManifest.xml:22:5-23:19
MERGED from [com.google.android.gms:play-services-ads-identifier:16.0.0] AndroidManifest.xml:22:5-20
MERGED from [com.google.android.gms:play-services-ads-identifier:16.0.0] AndroidManifest.xml:22:5-20
MERGED from [com.google.android.gms:play-services-basement:16.2.0] AndroidManifest.xml:22:5-26:19
MERGED from [com.google.android.gms:play-services-basement:16.2.0] AndroidManifest.xml:22:5-26:19
MERGED from [com.android.support:support-v4:26.1.0] AndroidManifest.xml:25:5-29:19
MERGED from [com.android.support:support-v4:26.1.0] AndroidManifest.xml:25:5-29:19
MERGED from [com.android.support:cardview-v7:26.1.0] AndroidManifest.xml:22:5-26:19
MERGED from [com.android.support:cardview-v7:26.1.0] AndroidManifest.xml:22:5-26:19
MERGED from [de.hdodenhof:circleimageview:3.0.0] AndroidManifest.xml:9:5-20
MERGED from [de.hdodenhof:circleimageview:3.0.0] AndroidManifest.xml:9:5-20
MERGED from [me.anwarshahriar:calligrapher:1.0] AndroidManifest.xml:11:5-15:19
MERGED from [me.anwarshahriar:calligrapher:1.0] AndroidManifest.xml:11:5-15:19
MERGED from [com.android.support:support-fragment:26.1.0] AndroidManifest.xml:25:5-29:19
MERGED from [com.android.support:support-fragment:26.1.0] AndroidManifest.xml:25:5-29:19
MERGED from [com.android.support:support-core-ui:26.1.0] AndroidManifest.xml:25:5-29:19
MERGED from [com.android.support:support-core-ui:26.1.0] AndroidManifest.xml:25:5-29:19
MERGED from [com.android.support:support-media-compat:26.1.0] AndroidManifest.xml:25:5-29:19
MERGED from [com.android.support:support-media-compat:26.1.0] AndroidManifest.xml:25:5-29:19
MERGED from [com.android.support:support-core-utils:26.1.0] AndroidManifest.xml:25:5-29:19
MERGED from [com.android.support:support-core-utils:26.1.0] AndroidManifest.xml:25:5-29:19
MERGED from [com.android.support:support-compat:26.1.0] AndroidManifest.xml:25:5-29:19
MERGED from [com.android.support:support-compat:26.1.0] AndroidManifest.xml:25:5-29:19
MERGED from [android.arch.lifecycle:runtime:1.0.0] AndroidManifest.xml:24:5-28:19
MERGED from [android.arch.lifecycle:runtime:1.0.0] AndroidManifest.xml:24:5-28:19
	android:supportsRtl
		ADDED from src\main\AndroidManifest.xml:14:50-76
	android:label
		ADDED from src\main\AndroidManifest.xml:14:116-148
	android:roundIcon
		ADDED from src\main\AndroidManifest.xml:14:77-115
	android:allowBackup
		ADDED from [me.anwarshahriar:calligrapher:1.0] AndroidManifest.xml:12:9-35
	android:icon
		ADDED from src\main\AndroidManifest.xml:14:149-182
	android:theme
		ADDED from src\main\AndroidManifest.xml:14:18-49
meta-data#com.facebook.accountkit.ApplicationName
ADDED from src\main\AndroidManifest.xml:16:5-18:44
	android:value
		ADDED from src\main\AndroidManifest.xml:18:9-41
	android:name
		ADDED from src\main\AndroidManifest.xml:17:9-63
meta-data#com.facebook.sdk.ApplicationId
ADDED from src\main\AndroidManifest.xml:19:5-21:51
	android:value
		ADDED from src\main\AndroidManifest.xml:21:9-48
	android:name
		ADDED from src\main\AndroidManifest.xml:20:9-54
meta-data#com.facebook.accountkit.ClientToken
ADDED from src\main\AndroidManifest.xml:22:5-24:60
	android:value
		ADDED from src\main\AndroidManifest.xml:24:9-57
	android:name
		ADDED from src\main\AndroidManifest.xml:23:9-59
activity#com.facebook.accountkit.ui.AccountKitActivity
ADDED from src\main\AndroidManifest.xml:26:5-78
MERGED from [com.facebook.android:account-kit-sdk:5.0.0] AndroidManifest.xml:29:9-34:58
MERGED from [com.facebook.android:account-kit-sdk:5.0.0] AndroidManifest.xml:29:9-34:58
	android:label
		ADDED from [com.facebook.android:account-kit-sdk:5.0.0] AndroidManifest.xml:31:13-65
	android:launchMode
		ADDED from [com.facebook.android:account-kit-sdk:5.0.0] AndroidManifest.xml:32:13-43
	android:windowSoftInputMode
		ADDED from [com.facebook.android:account-kit-sdk:5.0.0] AndroidManifest.xml:34:13-55
	android:theme
		ADDED from [com.facebook.android:account-kit-sdk:5.0.0] AndroidManifest.xml:33:13-52
	android:name
		ADDED from src\main\AndroidManifest.xml:26:15-75
meta-data#com.facebook.accountkit.FacebookAppEventsEnabled
ADDED from src\main\AndroidManifest.xml:28:5-30:33
	android:value
		ADDED from src\main\AndroidManifest.xml:30:9-30
	android:name
		ADDED from src\main\AndroidManifest.xml:29:9-72
activity#com.example.sneha.googlesignin.HomeActivity
ADDED from src\main\AndroidManifest.xml:32:5-46
	android:name
		ADDED from src\main\AndroidManifest.xml:32:15-43
activity#com.example.sneha.googlesignin.LoginActivity
ADDED from src\main\AndroidManifest.xml:33:9-51
	android:name
		ADDED from src\main\AndroidManifest.xml:33:19-48
activity#com.example.sneha.googlesignin.ActivityFront
ADDED from src\main\AndroidManifest.xml:35:5-135
	android:label
		ADDED from src\main\AndroidManifest.xml:35:89-133
	android:theme
		ADDED from src\main\AndroidManifest.xml:35:45-88
	android:name
		ADDED from src\main\AndroidManifest.xml:35:15-44
activity#com.example.sneha.googlesignin.DisplayDrivingLisence
ADDED from src\main\AndroidManifest.xml:37:5-54
	android:name
		ADDED from src\main\AndroidManifest.xml:37:15-52
activity#com.example.sneha.googlesignin.DisplayDrivingLicense
ADDED from src\main\AndroidManifest.xml:39:5-54
	android:name
		ADDED from src\main\AndroidManifest.xml:39:15-52
activity#com.example.sneha.googlesignin.DrivingLicense1
ADDED from src\main\AndroidManifest.xml:41:5-118
	android:label
		ADDED from src\main\AndroidManifest.xml:41:78-116
	android:theme
		ADDED from src\main\AndroidManifest.xml:41:47-77
	android:name
		ADDED from src\main\AndroidManifest.xml:41:15-46
activity#com.example.sneha.googlesignin.EditDrivingLicense
ADDED from src\main\AndroidManifest.xml:43:5-90
	android:label
		ADDED from src\main\AndroidManifest.xml:43:50-88
	android:name
		ADDED from src\main\AndroidManifest.xml:43:15-49
activity#com.example.sneha.googlesignin.DrivingLicense
ADDED from src\main\AndroidManifest.xml:45:5-86
	android:label
		ADDED from src\main\AndroidManifest.xml:45:46-84
	android:name
		ADDED from src\main\AndroidManifest.xml:45:15-45
activity#com.example.sneha.googlesignin.DebitCredit
ADDED from src\main\AndroidManifest.xml:47:5-44
	android:name
		ADDED from src\main\AndroidManifest.xml:47:15-42
activity#com.example.sneha.googlesignin.CardName
ADDED from src\main\AndroidManifest.xml:49:5-41
	android:name
		ADDED from src\main\AndroidManifest.xml:49:15-39
activity#com.example.sneha.googlesignin.BankName
ADDED from src\main\AndroidManifest.xml:51:5-41
	android:name
		ADDED from src\main\AndroidManifest.xml:51:15-39
activity#com.example.sneha.googlesignin.UnderDevelopment
ADDED from src\main\AndroidManifest.xml:53:5-49
	android:name
		ADDED from src\main\AndroidManifest.xml:53:15-47
activity#com.example.sneha.googlesignin.EditSocial
ADDED from src\main\AndroidManifest.xml:55:5-43
	android:name
		ADDED from src\main\AndroidManifest.xml:55:15-41
activity#com.example.sneha.googlesignin.MainActivity
ADDED from src\main\AndroidManifest.xml:58:5-71:12
	android:theme
		ADDED from src\main\AndroidManifest.xml:58:44-75
	android:name
		ADDED from src\main\AndroidManifest.xml:58:15-43
intent-filter#action:name:android.intent.action.MAIN+action:name:android.intent.action.VIEW+category:name:android.intent.category.LAUNCHER
ADDED from src\main\AndroidManifest.xml:61:5-69:17
action#android.intent.action.MAIN
ADDED from src\main\AndroidManifest.xml:63:5-56
	android:name
		ADDED from src\main\AndroidManifest.xml:63:13-54
action#android.intent.action.VIEW
ADDED from src\main\AndroidManifest.xml:65:5-56
	android:name
		ADDED from src\main\AndroidManifest.xml:65:13-54
category#android.intent.category.LAUNCHER
ADDED from src\main\AndroidManifest.xml:67:5-64
	android:name
		ADDED from src\main\AndroidManifest.xml:67:15-62
receiver#com.example.sneha.googlesignin.AlarmReceiver
ADDED from src\main\AndroidManifest.xml:74:5-83:12
	android:enabled
		ADDED from src\main\AndroidManifest.xml:74:45-67
	android:name
		ADDED from src\main\AndroidManifest.xml:74:15-44
intent-filter#action:name:com.example.sneha.googlesignin
ADDED from src\main\AndroidManifest.xml:77:5-81:17
action#com.example.sneha.googlesignin
ADDED from src\main\AndroidManifest.xml:79:5-60
	android:name
		ADDED from src\main\AndroidManifest.xml:79:13-58
activity#com.example.sneha.googlesignin.allap
ADDED from src\main\AndroidManifest.xml:85:5-38
	android:name
		ADDED from src\main\AndroidManifest.xml:85:15-36
activity#com.example.sneha.googlesignin.allsensitive
ADDED from src\main\AndroidManifest.xml:87:5-45
	android:name
		ADDED from src\main\AndroidManifest.xml:87:15-43
activity#com.example.sneha.googlesignin.Passport
ADDED from src\main\AndroidManifest.xml:89:5-104
	android:label
		ADDED from src\main\AndroidManifest.xml:89:71-102
	android:theme
		ADDED from src\main\AndroidManifest.xml:89:40-70
	android:name
		ADDED from src\main\AndroidManifest.xml:89:15-39
activity#com.example.sneha.googlesignin.voterid
ADDED from src\main\AndroidManifest.xml:91:5-72
	android:label
		ADDED from src\main\AndroidManifest.xml:91:39-70
	android:name
		ADDED from src\main\AndroidManifest.xml:91:15-38
activity#com.example.sneha.googlesignin.pancard
ADDED from src\main\AndroidManifest.xml:93:5-72
	android:label
		ADDED from src\main\AndroidManifest.xml:93:39-70
	android:name
		ADDED from src\main\AndroidManifest.xml:93:15-38
activity#com.example.sneha.googlesignin.DisplaySystemDetail
ADDED from src\main\AndroidManifest.xml:95:5-88
	android:label
		ADDED from src\main\AndroidManifest.xml:95:51-86
	android:name
		ADDED from src\main\AndroidManifest.xml:95:15-50
activity#com.example.sneha.googlesignin.EditSystemLogins
ADDED from src\main\AndroidManifest.xml:97:5-85
	android:label
		ADDED from src\main\AndroidManifest.xml:97:48-83
	android:name
		ADDED from src\main\AndroidManifest.xml:97:15-47
activity#com.example.sneha.googlesignin.SystemLogins1
ADDED from src\main\AndroidManifest.xml:99:5-113
	android:label
		ADDED from src\main\AndroidManifest.xml:99:76-111
	android:theme
		ADDED from src\main\AndroidManifest.xml:99:45-75
	android:name
		ADDED from src\main\AndroidManifest.xml:99:15-44
activity#com.example.sneha.googlesignin.SystemLogin
ADDED from src\main\AndroidManifest.xml:101:5-80
	android:label
		ADDED from src\main\AndroidManifest.xml:101:43-78
	android:name
		ADDED from src\main\AndroidManifest.xml:101:15-42
activity#com.example.sneha.googlesignin.aadhar
ADDED from src\main\AndroidManifest.xml:103:5-70
	android:label
		ADDED from src\main\AndroidManifest.xml:103:38-68
	android:name
		ADDED from src\main\AndroidManifest.xml:103:15-37
activity#com.example.sneha.googlesignin.Banking_card
ADDED from src\main\AndroidManifest.xml:105:5-81
	android:label
		ADDED from src\main\AndroidManifest.xml:105:44-79
	android:name
		ADDED from src\main\AndroidManifest.xml:105:15-43
activity#com.example.sneha.googlesignin.Account_details
ADDED from src\main\AndroidManifest.xml:107:5-84
	android:label
		ADDED from src\main\AndroidManifest.xml:107:47-82
	android:name
		ADDED from src\main\AndroidManifest.xml:107:15-46
activity#com.example.sneha.googlesignin.Membership
ADDED from src\main\AndroidManifest.xml:109:5-77
	android:label
		ADDED from src\main\AndroidManifest.xml:109:42-75
	android:name
		ADDED from src\main\AndroidManifest.xml:109:15-41
activity#com.example.sneha.googlesignin.Wifipass
ADDED from src\main\AndroidManifest.xml:111:5-71
	android:label
		ADDED from src\main\AndroidManifest.xml:111:40-69
	android:name
		ADDED from src\main\AndroidManifest.xml:111:15-39
activity#com.example.sneha.googlesignin.Other
ADDED from src\main\AndroidManifest.xml:113:5-98
	android:label
		ADDED from src\main\AndroidManifest.xml:113:68-96
	android:theme
		ADDED from src\main\AndroidManifest.xml:113:37-67
	android:name
		ADDED from src\main\AndroidManifest.xml:113:15-36
activity#com.example.sneha.googlesignin.Remainder
ADDED from src\main\AndroidManifest.xml:115:5-42
	android:name
		ADDED from src\main\AndroidManifest.xml:115:15-40
activity#com.example.sneha.googlesignin.PurchaseList
ADDED from src\main\AndroidManifest.xml:117:5-76
	android:theme
		ADDED from src\main\AndroidManifest.xml:117:44-74
	android:name
		ADDED from src\main\AndroidManifest.xml:117:15-43
activity#com.example.sneha.googlesignin.Bussiness
ADDED from src\main\AndroidManifest.xml:119:5-73
	android:theme
		ADDED from src\main\AndroidManifest.xml:119:41-71
	android:name
		ADDED from src\main\AndroidManifest.xml:119:15-40
activity#com.example.sneha.googlesignin.StickyNotes
ADDED from src\main\AndroidManifest.xml:121:5-75
	android:theme
		ADDED from src\main\AndroidManifest.xml:121:43-73
	android:name
		ADDED from src\main\AndroidManifest.xml:121:15-42
activity#com.example.sneha.googlesignin.Evisiting
ADDED from src\main\AndroidManifest.xml:123:5-42
	android:name
		ADDED from src\main\AndroidManifest.xml:123:15-40
activity#com.example.sneha.googlesignin.TodoNew
ADDED from src\main\AndroidManifest.xml:125:5-40
	android:name
		ADDED from src\main\AndroidManifest.xml:125:15-38
activity#com.example.sneha.googlesignin.NoteEditorActivity
ADDED from src\main\AndroidManifest.xml:127:5-82
	android:theme
		ADDED from src\main\AndroidManifest.xml:127:50-80
	android:name
		ADDED from src\main\AndroidManifest.xml:127:15-49
activity#com.example.sneha.googlesignin.NoteEditorActivity1
ADDED from src\main\AndroidManifest.xml:129:5-83
	android:theme
		ADDED from src\main\AndroidManifest.xml:129:51-81
	android:name
		ADDED from src\main\AndroidManifest.xml:129:15-50
activity#com.example.sneha.googlesignin.SocialSites
ADDED from src\main\AndroidManifest.xml:131:5-85
	android:label
		ADDED from src\main\AndroidManifest.xml:131:43-83
	android:name
		ADDED from src\main\AndroidManifest.xml:131:15-42
activity#com.example.sneha.googlesignin.Mail
ADDED from src\main\AndroidManifest.xml:133:5-74
	android:label
		ADDED from src\main\AndroidManifest.xml:133:36-72
	android:name
		ADDED from src\main\AndroidManifest.xml:133:15-35
activity#com.example.sneha.googlesignin.OnlineSites
ADDED from src\main\AndroidManifest.xml:135:5-82
	android:label
		ADDED from src\main\AndroidManifest.xml:135:43-80
	android:name
		ADDED from src\main\AndroidManifest.xml:135:15-42
activity#com.example.sneha.googlesignin.Site1
ADDED from src\main\AndroidManifest.xml:137:5-38
	android:name
		ADDED from src\main\AndroidManifest.xml:137:15-36
activity#com.example.sneha.googlesignin.StdCode
ADDED from src\main\AndroidManifest.xml:139:5-40
	android:name
		ADDED from src\main\AndroidManifest.xml:139:15-38
activity#com.example.sneha.googlesignin.BussinessContact
ADDED from src\main\AndroidManifest.xml:141:5-49
	android:name
		ADDED from src\main\AndroidManifest.xml:141:15-47
activity#com.example.sneha.googlesignin.Passport1
ADDED from src\main\AndroidManifest.xml:143:5-74
	android:label
		ADDED from src\main\AndroidManifest.xml:143:41-72
	android:name
		ADDED from src\main\AndroidManifest.xml:143:15-40
activity#com.example.sneha.googlesignin.DislayPassportDetail
ADDED from src\main\AndroidManifest.xml:145:5-85
	android:label
		ADDED from src\main\AndroidManifest.xml:145:52-83
	android:name
		ADDED from src\main\AndroidManifest.xml:145:15-51
activity#com.example.sneha.googlesignin.EditPassport
ADDED from src\main\AndroidManifest.xml:147:5-77
	android:label
		ADDED from src\main\AndroidManifest.xml:147:44-75
	android:name
		ADDED from src\main\AndroidManifest.xml:147:15-43
activity#com.example.sneha.googlesignin.voterid1
ADDED from src\main\AndroidManifest.xml:149:5-104
	android:label
		ADDED from src\main\AndroidManifest.xml:149:71-102
	android:theme
		ADDED from src\main\AndroidManifest.xml:149:40-70
	android:name
		ADDED from src\main\AndroidManifest.xml:149:15-39
activity#com.example.sneha.googlesignin.DisplayVoterDetails
ADDED from src\main\AndroidManifest.xml:151:5-84
	android:label
		ADDED from src\main\AndroidManifest.xml:151:51-82
	android:name
		ADDED from src\main\AndroidManifest.xml:151:15-50
activity#com.example.sneha.googlesignin.EditVoter
ADDED from src\main\AndroidManifest.xml:153:5-74
	android:label
		ADDED from src\main\AndroidManifest.xml:153:41-72
	android:name
		ADDED from src\main\AndroidManifest.xml:153:15-40
activity#com.example.sneha.googlesignin.pancard1
ADDED from src\main\AndroidManifest.xml:155:5-104
	android:label
		ADDED from src\main\AndroidManifest.xml:155:71-102
	android:theme
		ADDED from src\main\AndroidManifest.xml:155:40-70
	android:name
		ADDED from src\main\AndroidManifest.xml:155:15-39
activity#com.example.sneha.googlesignin.DisplayPanDetails
ADDED from src\main\AndroidManifest.xml:157:5-82
	android:label
		ADDED from src\main\AndroidManifest.xml:157:49-80
	android:name
		ADDED from src\main\AndroidManifest.xml:157:15-48
activity#com.example.sneha.googlesignin.EditPan
ADDED from src\main\AndroidManifest.xml:159:5-72
	android:label
		ADDED from src\main\AndroidManifest.xml:159:39-70
	android:name
		ADDED from src\main\AndroidManifest.xml:159:15-38
activity#com.example.sneha.googlesignin.aadhar1
ADDED from src\main\AndroidManifest.xml:161:5-102
	android:label
		ADDED from src\main\AndroidManifest.xml:161:70-100
	android:theme
		ADDED from src\main\AndroidManifest.xml:161:39-69
	android:name
		ADDED from src\main\AndroidManifest.xml:161:15-38
activity#com.example.sneha.googlesignin.DisplayAadharDetails
ADDED from src\main\AndroidManifest.xml:163:5-84
	android:label
		ADDED from src\main\AndroidManifest.xml:163:52-82
	android:name
		ADDED from src\main\AndroidManifest.xml:163:15-51
activity#com.example.sneha.googlesignin.EditAadhar
ADDED from src\main\AndroidManifest.xml:165:5-74
	android:label
		ADDED from src\main\AndroidManifest.xml:165:42-72
	android:name
		ADDED from src\main\AndroidManifest.xml:165:15-41
activity#com.example.sneha.googlesignin.membership1